============================= test session starts ==============================
platform linux -- Python 3.6.9, pytest-5.3.5, py-1.8.1, pluggy-0.13.1
rootdir: /home/mulh8377/Courses/TextAnalyis/projects/cs5293-project0
collected 2 items

tests/test_download.py F.                                                [100%]

=================================== FAILURES ===================================
______________________________ test_download_one _______________________________

    def test_download_one():
        import project0.modules.Utility.utility as Ut
        import os
        current_directory_size = len(os.listdir("./data/pdf/"))
        storage = Ut.fetch_results(url="http://normanpd.normanok.gov/filebrowser_download/657/2020-02-11%20Daily%20Incident%20Summary.pdf",
                                   file="test.pdf")
        new_directory_size = len(os.listdir("./data/pdf/"))
>       assert current_directory_size != new_directory_size
E       assert 22 != 22

tests/test_download.py:9: AssertionError
========================= 1 failed, 1 passed in 11.81s =========================
